2019-05-06 11:03:13,111 [INFO] [restartedMain] com.hy.wf.admin.WfAdminApplication [StartupInfoLogger.java : 50] Starting WfAdminApplication on DESKTOP-8PLG398 with PID 388 (D:\IdeaProjects\hy-wf\wf-admin\target\classes started by EDZ in D:\IdeaProjects\hy-wf)
2019-05-06 11:03:13,115 [DEBUG] [restartedMain] com.hy.wf.admin.WfAdminApplication [StartupInfoLogger.java : 53] Running with Spring Boot v2.1.3.RELEASE, Spring v5.1.5.RELEASE
2019-05-06 11:03:13,115 [INFO] [restartedMain] com.hy.wf.admin.WfAdminApplication [SpringApplication.java : 679] The following profiles are active: prod
2019-05-06 11:03:13,206 [INFO] [restartedMain] o.s.boot.devtools.env.DevToolsPropertyDefaultsPostProcessor [DeferredLog.java : 227] Devtools property defaults active! Set 'spring.devtools.add-properties' to 'false' to disable
2019-05-06 11:03:13,206 [INFO] [restartedMain] o.s.boot.devtools.env.DevToolsPropertyDefaultsPostProcessor [DeferredLog.java : 227] For additional web related logging consider setting the 'logging.level.web' property to 'DEBUG'
2019-05-06 11:03:17,121 [INFO] [restartedMain] o.s.data.repository.config.RepositoryConfigurationDelegate [RepositoryConfigurationDelegate.java : 244] Multiple Spring Data modules found, entering strict repository configuration mode!
2019-05-06 11:03:17,125 [INFO] [restartedMain] o.s.data.repository.config.RepositoryConfigurationDelegate [RepositoryConfigurationDelegate.java : 126] Bootstrapping Spring Data repositories in DEFAULT mode.
2019-05-06 11:03:17,191 [INFO] [restartedMain] o.s.data.repository.config.RepositoryConfigurationDelegate [RepositoryConfigurationDelegate.java : 182] Finished Spring Data repository scanning in 44ms. Found 0 repository interfaces.
2019-05-06 11:03:17,510 [INFO] [restartedMain] o.s.c.s.PostProcessorRegistrationDelegate$BeanPostProcessorChecker [PostProcessorRegistrationDelegate.java : 330] Bean 'shiroConfig' of type [com.hy.wf.admin.common.config.ShiroConfig$$EnhancerBySpringCGLIB$$f124f09d] is not eligible for getting processed by all BeanPostProcessors (for example: not eligible for auto-proxying)
2019-05-06 11:03:17,751 [INFO] [restartedMain] o.s.c.s.PostProcessorRegistrationDelegate$BeanPostProcessorChecker [PostProcessorRegistrationDelegate.java : 330] Bean 'mybatis-plus-com.baomidou.mybatisplus.spring.boot.starter.MybatisPlusProperties' of type [com.baomidou.mybatisplus.spring.boot.starter.MybatisPlusProperties] is not eligible for getting processed by all BeanPostProcessors (for example: not eligible for auto-proxying)
2019-05-06 11:03:17,755 [INFO] [restartedMain] o.s.c.s.PostProcessorRegistrationDelegate$BeanPostProcessorChecker [PostProcessorRegistrationDelegate.java : 330] Bean 'mybatisPlusConfig' of type [com.hy.wf.admin.common.config.MybatisPlusConfig$$EnhancerBySpringCGLIB$$b949c079] is not eligible for getting processed by all BeanPostProcessors (for example: not eligible for auto-proxying)
2019-05-06 11:03:17,769 [INFO] [restartedMain] o.s.c.s.PostProcessorRegistrationDelegate$BeanPostProcessorChecker [PostProcessorRegistrationDelegate.java : 330] Bean 'paginationInterceptor' of type [com.baomidou.mybatisplus.plugins.PaginationInterceptor] is not eligible for getting processed by all BeanPostProcessors (for example: not eligible for auto-proxying)
2019-05-06 11:03:17,773 [INFO] [restartedMain] o.s.c.s.PostProcessorRegistrationDelegate$BeanPostProcessorChecker [PostProcessorRegistrationDelegate.java : 330] Bean 'com.baomidou.mybatisplus.spring.boot.starter.MybatisPlusAutoConfiguration' of type [com.baomidou.mybatisplus.spring.boot.starter.MybatisPlusAutoConfiguration$$EnhancerBySpringCGLIB$$5b5eb919] is not eligible for getting processed by all BeanPostProcessors (for example: not eligible for auto-proxying)
2019-05-06 11:03:17,774 [INFO] [restartedMain] o.s.c.s.PostProcessorRegistrationDelegate$BeanPostProcessorChecker [PostProcessorRegistrationDelegate.java : 330] Bean 'dynamicDataSourceConfig' of type [com.hy.wf.admin.datasources.DynamicDataSourceConfig$$EnhancerBySpringCGLIB$$c3ac6619] is not eligible for getting processed by all BeanPostProcessors (for example: not eligible for auto-proxying)
2019-05-06 11:03:17,838 [INFO] [restartedMain] o.s.c.s.PostProcessorRegistrationDelegate$BeanPostProcessorChecker [PostProcessorRegistrationDelegate.java : 330] Bean 'spring.datasource-org.springframework.boot.autoconfigure.jdbc.DataSourceProperties' of type [org.springframework.boot.autoconfigure.jdbc.DataSourceProperties] is not eligible for getting processed by all BeanPostProcessors (for example: not eligible for auto-proxying)
2019-05-06 11:03:17,840 [INFO] [restartedMain] o.s.c.s.PostProcessorRegistrationDelegate$BeanPostProcessorChecker [PostProcessorRegistrationDelegate.java : 330] Bean 'com.alibaba.druid.spring.boot.autoconfigure.stat.DruidFilterConfiguration' of type [com.alibaba.druid.spring.boot.autoconfigure.stat.DruidFilterConfiguration] is not eligible for getting processed by all BeanPostProcessors (for example: not eligible for auto-proxying)
2019-05-06 11:03:17,857 [INFO] [restartedMain] o.s.c.s.PostProcessorRegistrationDelegate$BeanPostProcessorChecker [PostProcessorRegistrationDelegate.java : 330] Bean 'statFilter' of type [com.alibaba.druid.filter.stat.StatFilter] is not eligible for getting processed by all BeanPostProcessors (for example: not eligible for auto-proxying)
2019-05-06 11:03:17,870 [INFO] [restartedMain] o.s.c.s.PostProcessorRegistrationDelegate$BeanPostProcessorChecker [PostProcessorRegistrationDelegate.java : 330] Bean 'firstDataSource' of type [com.alibaba.druid.spring.boot.autoconfigure.DruidDataSourceWrapper] is not eligible for getting processed by all BeanPostProcessors (for example: not eligible for auto-proxying)
2019-05-06 11:03:17,883 [INFO] [restartedMain] o.s.c.s.PostProcessorRegistrationDelegate$BeanPostProcessorChecker [PostProcessorRegistrationDelegate.java : 330] Bean 'secondDataSource' of type [com.alibaba.druid.spring.boot.autoconfigure.DruidDataSourceWrapper] is not eligible for getting processed by all BeanPostProcessors (for example: not eligible for auto-proxying)
2019-05-06 11:03:17,906 [INFO] [restartedMain] o.s.c.s.PostProcessorRegistrationDelegate$BeanPostProcessorChecker [PostProcessorRegistrationDelegate.java : 330] Bean 'dataSource' of type [com.hy.wf.admin.datasources.DynamicDataSource] is not eligible for getting processed by all BeanPostProcessors (for example: not eligible for auto-proxying)
2019-05-06 11:03:18,064 [INFO] [restartedMain] com.alibaba.druid.pool.DruidDataSource [DruidDataSource.java : 930] {dataSource-1} inited
2019-05-06 11:03:19,279 [INFO] [restartedMain] o.s.c.s.PostProcessorRegistrationDelegate$BeanPostProcessorChecker [PostProcessorRegistrationDelegate.java : 330] Bean 'sqlSessionFactory' of type [org.apache.ibatis.session.defaults.DefaultSqlSessionFactory] is not eligible for getting processed by all BeanPostProcessors (for example: not eligible for auto-proxying)
2019-05-06 11:03:19,282 [INFO] [restartedMain] o.s.c.s.PostProcessorRegistrationDelegate$BeanPostProcessorChecker [PostProcessorRegistrationDelegate.java : 330] Bean 'sqlSessionTemplate' of type [org.mybatis.spring.SqlSessionTemplate] is not eligible for getting processed by all BeanPostProcessors (for example: not eligible for auto-proxying)
2019-05-06 11:03:19,283 [INFO] [restartedMain] o.s.c.s.PostProcessorRegistrationDelegate$BeanPostProcessorChecker [PostProcessorRegistrationDelegate.java : 330] Bean 'sysUserDao' of type [org.mybatis.spring.mapper.MapperFactoryBean] is not eligible for getting processed by all BeanPostProcessors (for example: not eligible for auto-proxying)
2019-05-06 11:03:19,285 [INFO] [restartedMain] o.s.c.s.PostProcessorRegistrationDelegate$BeanPostProcessorChecker [PostProcessorRegistrationDelegate.java : 330] Bean 'sysUserDao' of type [com.sun.proxy.$Proxy71] is not eligible for getting processed by all BeanPostProcessors (for example: not eligible for auto-proxying)
2019-05-06 11:03:19,287 [INFO] [restartedMain] o.s.c.s.PostProcessorRegistrationDelegate$BeanPostProcessorChecker [PostProcessorRegistrationDelegate.java : 330] Bean 'sysMenuDao' of type [org.mybatis.spring.mapper.MapperFactoryBean] is not eligible for getting processed by all BeanPostProcessors (for example: not eligible for auto-proxying)
2019-05-06 11:03:19,287 [INFO] [restartedMain] o.s.c.s.PostProcessorRegistrationDelegate$BeanPostProcessorChecker [PostProcessorRegistrationDelegate.java : 330] Bean 'sysMenuDao' of type [com.sun.proxy.$Proxy72] is not eligible for getting processed by all BeanPostProcessors (for example: not eligible for auto-proxying)
2019-05-06 11:03:19,288 [INFO] [restartedMain] o.s.c.s.PostProcessorRegistrationDelegate$BeanPostProcessorChecker [PostProcessorRegistrationDelegate.java : 330] Bean 'userRealm' of type [com.hy.wf.admin.modules.sys.shiro.UserRealm] is not eligible for getting processed by all BeanPostProcessors (for example: not eligible for auto-proxying)
2019-05-06 11:03:19,304 [INFO] [restartedMain] o.s.c.s.PostProcessorRegistrationDelegate$BeanPostProcessorChecker [PostProcessorRegistrationDelegate.java : 330] Bean 'org.springframework.boot.autoconfigure.data.redis.RedisAutoConfiguration' of type [org.springframework.boot.autoconfigure.data.redis.RedisAutoConfiguration$$EnhancerBySpringCGLIB$$35645f8] is not eligible for getting processed by all BeanPostProcessors (for example: not eligible for auto-proxying)
2019-05-06 11:03:19,310 [INFO] [restartedMain] o.s.c.s.PostProcessorRegistrationDelegate$BeanPostProcessorChecker [PostProcessorRegistrationDelegate.java : 330] Bean 'spring.redis-org.springframework.boot.autoconfigure.data.redis.RedisProperties' of type [org.springframework.boot.autoconfigure.data.redis.RedisProperties] is not eligible for getting processed by all BeanPostProcessors (for example: not eligible for auto-proxying)
2019-05-06 11:03:19,312 [INFO] [restartedMain] o.s.c.s.PostProcessorRegistrationDelegate$BeanPostProcessorChecker [PostProcessorRegistrationDelegate.java : 330] Bean 'org.springframework.boot.autoconfigure.data.redis.LettuceConnectionConfiguration' of type [org.springframework.boot.autoconfigure.data.redis.LettuceConnectionConfiguration$$EnhancerBySpringCGLIB$$22d8d906] is not eligible for getting processed by all BeanPostProcessors (for example: not eligible for auto-proxying)
2019-05-06 11:03:19,467 [INFO] [restartedMain] o.s.c.s.PostProcessorRegistrationDelegate$BeanPostProcessorChecker [PostProcessorRegistrationDelegate.java : 330] Bean 'lettuceClientResources' of type [io.lettuce.core.resource.DefaultClientResources] is not eligible for getting processed by all BeanPostProcessors (for example: not eligible for auto-proxying)
2019-05-06 11:03:19,591 [INFO] [restartedMain] o.s.c.s.PostProcessorRegistrationDelegate$BeanPostProcessorChecker [PostProcessorRegistrationDelegate.java : 330] Bean 'redisConnectionFactory' of type [org.springframework.data.redis.connection.lettuce.LettuceConnectionFactory] is not eligible for getting processed by all BeanPostProcessors (for example: not eligible for auto-proxying)
2019-05-06 11:03:19,603 [INFO] [restartedMain] o.s.c.s.PostProcessorRegistrationDelegate$BeanPostProcessorChecker [PostProcessorRegistrationDelegate.java : 330] Bean 'redisTemplate' of type [org.springframework.data.redis.core.RedisTemplate] is not eligible for getting processed by all BeanPostProcessors (for example: not eligible for auto-proxying)
2019-05-06 11:03:19,604 [INFO] [restartedMain] o.s.c.s.PostProcessorRegistrationDelegate$BeanPostProcessorChecker [PostProcessorRegistrationDelegate.java : 330] Bean 'redisShiroSessionDAO' of type [com.hy.wf.admin.modules.sys.shiro.RedisShiroSessionDAO] is not eligible for getting processed by all BeanPostProcessors (for example: not eligible for auto-proxying)
2019-05-06 11:03:19,671 [INFO] [restartedMain] o.s.c.s.PostProcessorRegistrationDelegate$BeanPostProcessorChecker [PostProcessorRegistrationDelegate.java : 330] Bean 'sessionManager' of type [org.apache.shiro.web.session.mgt.DefaultWebSessionManager] is not eligible for getting processed by all BeanPostProcessors (for example: not eligible for auto-proxying)
2019-05-06 11:03:19,956 [INFO] [restartedMain] o.s.c.s.PostProcessorRegistrationDelegate$BeanPostProcessorChecker [PostProcessorRegistrationDelegate.java : 330] Bean 'securityManager' of type [org.apache.shiro.web.mgt.DefaultWebSecurityManager] is not eligible for getting processed by all BeanPostProcessors (for example: not eligible for auto-proxying)
2019-05-06 11:03:20,035 [INFO] [restartedMain] o.s.c.s.PostProcessorRegistrationDelegate$BeanPostProcessorChecker [PostProcessorRegistrationDelegate.java : 330] Bean 'authorizationAttributeSourceAdvisor' of type [org.apache.shiro.spring.security.interceptor.AuthorizationAttributeSourceAdvisor] is not eligible for getting processed by all BeanPostProcessors (for example: not eligible for auto-proxying)
2019-05-06 11:03:20,195 [INFO] [restartedMain] o.s.c.s.PostProcessorRegistrationDelegate$BeanPostProcessorChecker [PostProcessorRegistrationDelegate.java : 330] Bean 'org.springframework.transaction.annotation.ProxyTransactionManagementConfiguration' of type [org.springframework.transaction.annotation.ProxyTransactionManagementConfiguration$$EnhancerBySpringCGLIB$$dbf1abc] is not eligible for getting processed by all BeanPostProcessors (for example: not eligible for auto-proxying)
2019-05-06 11:03:20,324 [INFO] [restartedMain] o.s.c.s.PostProcessorRegistrationDelegate$BeanPostProcessorChecker [PostProcessorRegistrationDelegate.java : 330] Bean 'redisConfig' of type [com.hy.wf.admin.common.config.RedisConfig$$EnhancerBySpringCGLIB$$3bf377e7] is not eligible for getting processed by all BeanPostProcessors (for example: not eligible for auto-proxying)
2019-05-06 11:03:20,861 [INFO] [restartedMain] org.springframework.boot.web.embedded.tomcat.TomcatWebServer [TomcatWebServer.java : 90] Tomcat initialized with port(s): 8088 (http)
2019-05-06 11:03:20,895 [INFO] [restartedMain] org.apache.catalina.core.StandardService [DirectJDKLog.java : 173] Starting service [Tomcat]
2019-05-06 11:03:20,896 [INFO] [restartedMain] org.apache.catalina.core.StandardEngine [DirectJDKLog.java : 173] Starting Servlet engine: [Apache Tomcat/9.0.16]
2019-05-06 11:03:20,907 [INFO] [restartedMain] org.apache.catalina.core.AprLifecycleListener [DirectJDKLog.java : 173] The APR based Apache Tomcat Native library which allows optimal performance in production environments was not found on the java.library.path: [D:\Java1.8\jdk1.8.0_25\bin;C:\WINDOWS\Sun\Java\bin;C:\WINDOWS\system32;C:\WINDOWS;C:\Program Files (x86)\Common Files\Oracle\Java\javapath;C:\ProgramData\Oracle\Java\javapath;C:\Program Files (x86)\Intel\Intel(R) Management Engine Components\iCLS\;C:\Program Files\Intel\Intel(R) Management Engine Components\iCLS\;C:\WINDOWS\system32;C:\WINDOWS;C:\WINDOWS\System32\Wbem;C:\WINDOWS\System32\WindowsPowerShell\v1.0\;C:\Program Files (x86)\Intel\Intel(R) Management Engine Components\DAL;C:\Program Files\Intel\Intel(R) Management Engine Components\DAL;C:\Program Files (x86)\Intel\Intel(R) Management Engine Components\IPT;C:\Program Files\Intel\Intel(R) Management Engine Components\IPT;C:\WINDOWS\System32\OpenSSH\;D:\Java1.8\jdk1.8.0_25\bin;D:\Java1.8\jdk1.8.0_25\jre\bin;D:\apache-maven-3.5.4\bin;D:\nodejs\;D:\TortoiseSVN\bin;D:\Git\cmd;C:\Users\EDZ\AppData\Local\Microsoft\WindowsApps;;D:\WebStorm 2018.3.2\bin;;C:\Users\EDZ\AppData\Roaming\npm;.]
2019-05-06 11:03:21,028 [INFO] [restartedMain] o.a.c.core.ContainerBase.[Tomcat].[localhost].[/wf-admin] [DirectJDKLog.java : 173] Initializing Spring embedded WebApplicationContext
2019-05-06 11:03:21,029 [INFO] [restartedMain] org.springframework.web.context.ContextLoader [ServletWebServerApplicationContext.java : 296] Root WebApplicationContext: initialization completed in 7823 ms
2019-05-06 11:03:23,339 [INFO] [restartedMain] s.d.spring.web.PropertySourcedRequestMappingHandlerMapping [PropertySourcedRequestMappingHandlerMapping.java : 69] Mapped URL path [/v2/api-docs] onto method [public org.springframework.http.ResponseEntity<springfox.documentation.spring.web.json.Json> springfox.documentation.swagger2.web.Swagger2Controller.getDocumentation(java.lang.String,javax.servlet.http.HttpServletRequest)]
2019-05-06 11:03:23,639 [INFO] [restartedMain] o.s.scheduling.concurrent.ThreadPoolTaskExecutor [ExecutorConfigurationSupport.java : 171] Initializing ExecutorService 'applicationTaskExecutor'
2019-05-06 11:03:23,744 [INFO] [restartedMain] o.s.boot.devtools.autoconfigure.OptionalLiveReloadServer [OptionalLiveReloadServer.java : 57] LiveReload server is running on port 35729
2019-05-06 11:03:23,901 [INFO] [restartedMain] o.s.boot.autoconfigure.web.servlet.WelcomePageHandlerMapping [WelcomePageHandlerMapping.java : 61] Adding welcome page template: index
2019-05-06 11:03:25,333 [INFO] [restartedMain] org.quartz.impl.StdSchedulerFactory [StdSchedulerFactory.java : 1208] Using default implementation for ThreadExecutor
2019-05-06 11:03:25,367 [INFO] [restartedMain] org.quartz.core.SchedulerSignalerImpl [SchedulerSignalerImpl.java : 61] Initialized Scheduler Signaller of type: class org.quartz.core.SchedulerSignalerImpl
2019-05-06 11:03:25,367 [INFO] [restartedMain] org.quartz.core.QuartzScheduler [QuartzScheduler.java : 229] Quartz Scheduler v.2.3.0 created.
2019-05-06 11:03:25,368 [INFO] [restartedMain] org.quartz.simpl.RAMJobStore [RAMJobStore.java : 155] RAMJobStore initialized.
2019-05-06 11:03:25,368 [INFO] [restartedMain] org.quartz.core.QuartzScheduler [QuartzScheduler.java : 294] Scheduler meta-data: Quartz Scheduler (v2.3.0) 'quartzScheduler' with instanceId 'NON_CLUSTERED'
  Scheduler class: 'org.quartz.core.QuartzScheduler' - running locally.
  NOT STARTED.
  Currently in standby mode.
  Number of jobs executed: 0
  Using thread pool 'org.quartz.simpl.SimpleThreadPool' - with 10 threads.
  Using job-store 'org.quartz.simpl.RAMJobStore' - which does not support persistence. and is not clustered.

2019-05-06 11:03:25,369 [INFO] [restartedMain] org.quartz.impl.StdSchedulerFactory [StdSchedulerFactory.java : 1362] Quartz scheduler 'quartzScheduler' initialized from an externally provided properties instance.
2019-05-06 11:03:25,369 [INFO] [restartedMain] org.quartz.impl.StdSchedulerFactory [StdSchedulerFactory.java : 1366] Quartz scheduler version: 2.3.0
2019-05-06 11:03:25,369 [INFO] [restartedMain] org.quartz.core.QuartzScheduler [QuartzScheduler.java : 2287] JobFactory set to: org.springframework.scheduling.quartz.SpringBeanJobFactory@2d010422
2019-05-06 11:03:26,041 [INFO] [restartedMain] s.d.spring.web.plugins.DocumentationPluginsBootstrapper [DocumentationPluginsBootstrapper.java : 147] Context refreshed
2019-05-06 11:03:26,085 [INFO] [restartedMain] s.d.spring.web.plugins.DocumentationPluginsBootstrapper [DocumentationPluginsBootstrapper.java : 150] Found 1 custom documentation plugin(s)
2019-05-06 11:03:26,135 [INFO] [restartedMain] s.d.spring.web.scanners.ApiListingReferenceScanner [ApiListingReferenceScanner.java : 41] Scanning for api listing references
2019-05-06 11:03:26,147 [INFO] [restartedMain] org.springframework.scheduling.quartz.SchedulerFactoryBean [SchedulerFactoryBean.java : 726] Starting Quartz Scheduler now
2019-05-06 11:03:26,148 [INFO] [restartedMain] org.quartz.core.QuartzScheduler [QuartzScheduler.java : 547] Scheduler quartzScheduler_$_NON_CLUSTERED started.
2019-05-06 11:03:26,175 [INFO] [restartedMain] org.springframework.boot.web.embedded.tomcat.TomcatWebServer [TomcatWebServer.java : 204] Tomcat started on port(s): 8088 (http) with context path '/wf-admin'
2019-05-06 11:03:26,177 [INFO] [restartedMain] com.hy.wf.admin.WfAdminApplication [StartupInfoLogger.java : 59] Started WfAdminApplication in 13.905 seconds (JVM running for 16.706)
2019-05-06 11:04:32,471 [INFO] [http-nio-8088-exec-1] o.a.c.core.ContainerBase.[Tomcat].[localhost].[/wf-admin] [DirectJDKLog.java : 173] Initializing Spring DispatcherServlet 'dispatcherServlet'
2019-05-06 11:04:32,471 [INFO] [http-nio-8088-exec-1] org.springframework.web.servlet.DispatcherServlet [FrameworkServlet.java : 524] Initializing Servlet 'dispatcherServlet'
2019-05-06 11:04:32,484 [INFO] [http-nio-8088-exec-1] org.springframework.web.servlet.DispatcherServlet [FrameworkServlet.java : 546] Completed initialization in 12 ms
2019-05-06 11:04:32,657 [INFO] [http-nio-8088-exec-1] o.apache.shiro.session.mgt.AbstractValidatingSessionManager [AbstractValidatingSessionManager.java : 233] Enabling session validation scheduler...
2019-05-06 11:04:32,864 [INFO] [http-nio-8088-exec-1] io.lettuce.core.EpollProvider [Slf4JLogger.java : 101] Starting without optional epoll library
2019-05-06 11:04:32,867 [INFO] [http-nio-8088-exec-1] io.lettuce.core.KqueueProvider [Slf4JLogger.java : 101] Starting without optional kqueue library
2019-05-06 11:04:51,676 [DEBUG] [http-nio-8088-exec-17] com.hy.wf.admin.modules.sys.dao.SysUserDao.selectOne [BaseJdbcLogger.java : 159] ==>  Preparing: SELECT user_id AS userId,username,`password`,salt,email,mobile,`status`,create_time AS createTime,dept_id AS deptId FROM sys_user WHERE username=? 
2019-05-06 11:04:51,724 [DEBUG] [http-nio-8088-exec-17] com.hy.wf.admin.modules.sys.dao.SysUserDao.selectOne [BaseJdbcLogger.java : 159] ==> Parameters: admin(String)
2019-05-06 11:04:51,751 [DEBUG] [http-nio-8088-exec-17] com.hy.wf.admin.modules.sys.dao.SysUserDao.selectOne [BaseJdbcLogger.java : 159] <==      Total: 1
2019-05-06 11:04:52,348 [DEBUG] [http-nio-8088-exec-25] com.hy.wf.admin.modules.sys.dao.SysMenuDao.queryListParentId [BaseJdbcLogger.java : 159] ==>  Preparing: select * from sys_menu where parent_id = ? order by order_num asc 
2019-05-06 11:04:52,348 [DEBUG] [http-nio-8088-exec-25] com.hy.wf.admin.modules.sys.dao.SysMenuDao.queryListParentId [BaseJdbcLogger.java : 159] ==> Parameters: 0(Long)
2019-05-06 11:04:52,359 [DEBUG] [http-nio-8088-exec-25] com.hy.wf.admin.modules.sys.dao.SysMenuDao.queryListParentId [BaseJdbcLogger.java : 159] <==      Total: 6
2019-05-06 11:04:52,377 [DEBUG] [http-nio-8088-exec-25] com.hy.wf.admin.modules.sys.dao.SysMenuDao.queryListParentId [BaseJdbcLogger.java : 159] ==>  Preparing: select * from sys_menu where parent_id = ? order by order_num asc 
2019-05-06 11:04:52,377 [DEBUG] [http-nio-8088-exec-25] com.hy.wf.admin.modules.sys.dao.SysMenuDao.queryListParentId [BaseJdbcLogger.java : 159] ==> Parameters: 1(Long)
2019-05-06 11:04:52,389 [DEBUG] [http-nio-8088-exec-25] com.hy.wf.admin.modules.sys.dao.SysMenuDao.queryListParentId [BaseJdbcLogger.java : 159] <==      Total: 9
2019-05-06 11:04:52,390 [DEBUG] [http-nio-8088-exec-25] com.hy.wf.admin.modules.sys.dao.SysMenuDao.queryListParentId [BaseJdbcLogger.java : 159] ==>  Preparing: select * from sys_menu where parent_id = ? order by order_num asc 
2019-05-06 11:04:52,391 [DEBUG] [http-nio-8088-exec-25] com.hy.wf.admin.modules.sys.dao.SysMenuDao.queryListParentId [BaseJdbcLogger.java : 159] ==> Parameters: 41(Long)
2019-05-06 11:04:52,403 [DEBUG] [http-nio-8088-exec-25] com.hy.wf.admin.modules.sys.dao.SysMenuDao.queryListParentId [BaseJdbcLogger.java : 159] <==      Total: 3
2019-05-06 11:04:52,404 [DEBUG] [http-nio-8088-exec-25] com.hy.wf.admin.modules.sys.dao.SysMenuDao.queryListParentId [BaseJdbcLogger.java : 159] ==>  Preparing: select * from sys_menu where parent_id = ? order by order_num asc 
2019-05-06 11:04:52,404 [DEBUG] [http-nio-8088-exec-25] com.hy.wf.admin.modules.sys.dao.SysMenuDao.queryListParentId [BaseJdbcLogger.java : 159] ==> Parameters: 47(Long)
2019-05-06 11:04:52,414 [DEBUG] [http-nio-8088-exec-25] com.hy.wf.admin.modules.sys.dao.SysMenuDao.queryListParentId [BaseJdbcLogger.java : 159] <==      Total: 7
2019-05-06 11:04:52,415 [DEBUG] [http-nio-8088-exec-25] com.hy.wf.admin.modules.sys.dao.SysMenuDao.queryListParentId [BaseJdbcLogger.java : 159] ==>  Preparing: select * from sys_menu where parent_id = ? order by order_num asc 
2019-05-06 11:04:52,415 [DEBUG] [http-nio-8088-exec-25] com.hy.wf.admin.modules.sys.dao.SysMenuDao.queryListParentId [BaseJdbcLogger.java : 159] ==> Parameters: 66(Long)
2019-05-06 11:04:52,424 [DEBUG] [http-nio-8088-exec-25] com.hy.wf.admin.modules.sys.dao.SysMenuDao.queryListParentId [BaseJdbcLogger.java : 159] <==      Total: 3
2019-05-06 11:04:52,425 [DEBUG] [http-nio-8088-exec-25] com.hy.wf.admin.modules.sys.dao.SysMenuDao.queryListParentId [BaseJdbcLogger.java : 159] ==>  Preparing: select * from sys_menu where parent_id = ? order by order_num asc 
2019-05-06 11:04:52,425 [DEBUG] [http-nio-8088-exec-25] com.hy.wf.admin.modules.sys.dao.SysMenuDao.queryListParentId [BaseJdbcLogger.java : 159] ==> Parameters: 72(Long)
2019-05-06 11:04:52,435 [DEBUG] [http-nio-8088-exec-25] com.hy.wf.admin.modules.sys.dao.SysMenuDao.queryListParentId [BaseJdbcLogger.java : 159] <==      Total: 2
2019-05-06 11:04:52,437 [DEBUG] [http-nio-8088-exec-25] com.hy.wf.admin.modules.sys.dao.SysMenuDao.queryListParentId [BaseJdbcLogger.java : 159] ==>  Preparing: select * from sys_menu where parent_id = ? order by order_num asc 
2019-05-06 11:04:52,438 [DEBUG] [http-nio-8088-exec-25] com.hy.wf.admin.modules.sys.dao.SysMenuDao.queryListParentId [BaseJdbcLogger.java : 159] ==> Parameters: 89(Long)
2019-05-06 11:04:52,447 [DEBUG] [http-nio-8088-exec-25] com.hy.wf.admin.modules.sys.dao.SysMenuDao.queryListParentId [BaseJdbcLogger.java : 159] <==      Total: 2
2019-05-06 11:04:56,632 [DEBUG] [http-nio-8088-exec-2] com.hy.wf.admin.modules.sys.dao.SysMenuDao.selectList [BaseJdbcLogger.java : 159] ==>  Preparing: SELECT menu_id AS menuId,parent_id AS parentId,`name`,url,perms,`type`,icon,order_num AS orderNum FROM sys_menu 
2019-05-06 11:04:56,632 [DEBUG] [http-nio-8088-exec-2] com.hy.wf.admin.modules.sys.dao.SysMenuDao.selectList [BaseJdbcLogger.java : 159] ==> Parameters: 
2019-05-06 11:04:56,647 [DEBUG] [http-nio-8088-exec-2] com.hy.wf.admin.modules.sys.dao.SysMenuDao.selectList [BaseJdbcLogger.java : 159] <==      Total: 101
2019-05-06 11:04:56,649 [DEBUG] [http-nio-8088-exec-2] com.hy.wf.admin.modules.sys.dao.SysMenuDao.selectList [BaseJdbcLogger.java : 159] ==>  Preparing: SELECT menu_id AS menuId,parent_id AS parentId,`name`,url,perms,`type`,icon,order_num AS orderNum FROM sys_menu 
2019-05-06 11:04:56,649 [DEBUG] [http-nio-8088-exec-2] com.hy.wf.admin.modules.sys.dao.SysMenuDao.selectList [BaseJdbcLogger.java : 159] ==> Parameters: 
2019-05-06 11:04:56,661 [DEBUG] [http-nio-8088-exec-2] com.hy.wf.admin.modules.sys.dao.SysMenuDao.selectList [BaseJdbcLogger.java : 159] <==      Total: 101
2019-05-06 11:04:56,663 [DEBUG] [http-nio-8088-exec-2] com.hy.wf.admin.modules.sys.dao.SysMenuDao.selectList [BaseJdbcLogger.java : 159] ==>  Preparing: SELECT menu_id AS menuId,parent_id AS parentId,`name`,url,perms,`type`,icon,order_num AS orderNum FROM sys_menu 
2019-05-06 11:04:56,663 [DEBUG] [http-nio-8088-exec-2] com.hy.wf.admin.modules.sys.dao.SysMenuDao.selectList [BaseJdbcLogger.java : 159] ==> Parameters: 
2019-05-06 11:04:56,674 [DEBUG] [http-nio-8088-exec-2] com.hy.wf.admin.modules.sys.dao.SysMenuDao.selectList [BaseJdbcLogger.java : 159] <==      Total: 101
2019-05-06 11:04:56,955 [DEBUG] [http-nio-8088-exec-17] com.hy.wf.admin.modules.sys.dao.SysMenuDao.selectList [BaseJdbcLogger.java : 159] ==>  Preparing: SELECT menu_id AS menuId,parent_id AS parentId,`name`,url,perms,`type`,icon,order_num AS orderNum FROM sys_menu 
2019-05-06 11:04:56,956 [DEBUG] [http-nio-8088-exec-17] com.hy.wf.admin.modules.sys.dao.SysMenuDao.selectList [BaseJdbcLogger.java : 159] ==> Parameters: 
2019-05-06 11:04:56,967 [DEBUG] [http-nio-8088-exec-17] com.hy.wf.admin.modules.sys.dao.SysMenuDao.selectList [BaseJdbcLogger.java : 159] <==      Total: 101
2019-05-06 11:04:56,971 [DEBUG] [http-nio-8088-exec-17] com.hy.wf.admin.modules.sys.dao.SysMenuDao.selectList [BaseJdbcLogger.java : 159] ==>  Preparing: SELECT menu_id AS menuId,parent_id AS parentId,`name`,url,perms,`type`,icon,order_num AS orderNum FROM sys_menu 
2019-05-06 11:04:56,971 [DEBUG] [http-nio-8088-exec-17] com.hy.wf.admin.modules.sys.dao.SysMenuDao.selectList [BaseJdbcLogger.java : 159] ==> Parameters: 
2019-05-06 11:04:56,982 [DEBUG] [http-nio-8088-exec-17] com.hy.wf.admin.modules.sys.dao.SysMenuDao.selectList [BaseJdbcLogger.java : 159] <==      Total: 101
2019-05-06 11:04:57,105 [DEBUG] [http-nio-8088-exec-17] com.hy.wf.admin.modules.dao.FunctionDao.selectPage [BaseJdbcLogger.java : 159] ==>  Preparing: SELECT COUNT(1) FROM t_function WHERE (data_status = ?) 
2019-05-06 11:04:57,107 [DEBUG] [http-nio-8088-exec-17] com.hy.wf.admin.modules.dao.FunctionDao.selectPage [BaseJdbcLogger.java : 159] ==> Parameters: 1(Integer)
2019-05-06 11:04:57,163 [DEBUG] [http-nio-8088-exec-17] com.hy.wf.admin.modules.dao.FunctionDao.selectPage [BaseJdbcLogger.java : 159] ==>  Preparing: SELECT id,orders,title,`type`,`position`,url,price,meno,icon,`status`,app_type AS appType,`location`,target,create_date AS createDate,modify_date AS modifyDate,data_status AS dataStatus FROM t_function WHERE (data_status = ?) ORDER BY id DESC LIMIT 0,10 
2019-05-06 11:04:57,165 [DEBUG] [http-nio-8088-exec-17] com.hy.wf.admin.modules.dao.FunctionDao.selectPage [BaseJdbcLogger.java : 159] ==> Parameters: 1(Integer)
2019-05-06 11:04:57,180 [DEBUG] [http-nio-8088-exec-17] com.hy.wf.admin.modules.dao.FunctionDao.selectPage [BaseJdbcLogger.java : 159] <==      Total: 8
2019-05-06 11:06:35,118 [INFO] [restartedMain] com.hy.wf.admin.WfAdminApplication [StartupInfoLogger.java : 50] Starting WfAdminApplication on DESKTOP-8PLG398 with PID 11236 (D:\IdeaProjects\hy-wf\wf-admin\target\classes started by EDZ in D:\IdeaProjects\hy-wf)
2019-05-06 11:06:35,120 [DEBUG] [restartedMain] com.hy.wf.admin.WfAdminApplication [StartupInfoLogger.java : 53] Running with Spring Boot v2.1.3.RELEASE, Spring v5.1.5.RELEASE
2019-05-06 11:06:35,120 [INFO] [restartedMain] com.hy.wf.admin.WfAdminApplication [SpringApplication.java : 679] The following profiles are active: prod
2019-05-06 11:06:35,186 [INFO] [restartedMain] o.s.boot.devtools.env.DevToolsPropertyDefaultsPostProcessor [DeferredLog.java : 227] Devtools property defaults active! Set 'spring.devtools.add-properties' to 'false' to disable
2019-05-06 11:06:35,186 [INFO] [restartedMain] o.s.boot.devtools.env.DevToolsPropertyDefaultsPostProcessor [DeferredLog.java : 227] For additional web related logging consider setting the 'logging.level.web' property to 'DEBUG'
2019-05-06 11:06:36,443 [INFO] [restartedMain] o.s.data.repository.config.RepositoryConfigurationDelegate [RepositoryConfigurationDelegate.java : 244] Multiple Spring Data modules found, entering strict repository configuration mode!
2019-05-06 11:06:36,444 [INFO] [restartedMain] o.s.data.repository.config.RepositoryConfigurationDelegate [RepositoryConfigurationDelegate.java : 126] Bootstrapping Spring Data repositories in DEFAULT mode.
2019-05-06 11:06:36,483 [INFO] [restartedMain] o.s.data.repository.config.RepositoryConfigurationDelegate [RepositoryConfigurationDelegate.java : 182] Finished Spring Data repository scanning in 29ms. Found 0 repository interfaces.
2019-05-06 11:06:36,709 [INFO] [restartedMain] o.s.c.s.PostProcessorRegistrationDelegate$BeanPostProcessorChecker [PostProcessorRegistrationDelegate.java : 330] Bean 'shiroConfig' of type [com.hy.wf.admin.common.config.ShiroConfig$$EnhancerBySpringCGLIB$$a2c8e27b] is not eligible for getting processed by all BeanPostProcessors (for example: not eligible for auto-proxying)
2019-05-06 11:06:36,840 [INFO] [restartedMain] o.s.c.s.PostProcessorRegistrationDelegate$BeanPostProcessorChecker [PostProcessorRegistrationDelegate.java : 330] Bean 'mybatis-plus-com.baomidou.mybatisplus.spring.boot.starter.MybatisPlusProperties' of type [com.baomidou.mybatisplus.spring.boot.starter.MybatisPlusProperties] is not eligible for getting processed by all BeanPostProcessors (for example: not eligible for auto-proxying)
2019-05-06 11:06:36,842 [INFO] [restartedMain] o.s.c.s.PostProcessorRegistrationDelegate$BeanPostProcessorChecker [PostProcessorRegistrationDelegate.java : 330] Bean 'mybatisPlusConfig' of type [com.hy.wf.admin.common.config.MybatisPlusConfig$$EnhancerBySpringCGLIB$$6aedb257] is not eligible for getting processed by all BeanPostProcessors (for example: not eligible for auto-proxying)
2019-05-06 11:06:36,846 [INFO] [restartedMain] o.s.c.s.PostProcessorRegistrationDelegate$BeanPostProcessorChecker [PostProcessorRegistrationDelegate.java : 330] Bean 'paginationInterceptor' of type [com.baomidou.mybatisplus.plugins.PaginationInterceptor] is not eligible for getting processed by all BeanPostProcessors (for example: not eligible for auto-proxying)
2019-05-06 11:06:36,850 [INFO] [restartedMain] o.s.c.s.PostProcessorRegistrationDelegate$BeanPostProcessorChecker [PostProcessorRegistrationDelegate.java : 330] Bean 'com.baomidou.mybatisplus.spring.boot.starter.MybatisPlusAutoConfiguration' of type [com.baomidou.mybatisplus.spring.boot.starter.MybatisPlusAutoConfiguration$$EnhancerBySpringCGLIB$$d02aaf7] is not eligible for getting processed by all BeanPostProcessors (for example: not eligible for auto-proxying)
2019-05-06 11:06:36,852 [INFO] [restartedMain] o.s.c.s.PostProcessorRegistrationDelegate$BeanPostProcessorChecker [PostProcessorRegistrationDelegate.java : 330] Bean 'dynamicDataSourceConfig' of type [com.hy.wf.admin.datasources.DynamicDataSourceConfig$$EnhancerBySpringCGLIB$$755057f7] is not eligible for getting processed by all BeanPostProcessors (for example: not eligible for auto-proxying)
2019-05-06 11:06:36,894 [INFO] [restartedMain] o.s.c.s.PostProcessorRegistrationDelegate$BeanPostProcessorChecker [PostProcessorRegistrationDelegate.java : 330] Bean 'spring.datasource-org.springframework.boot.autoconfigure.jdbc.DataSourceProperties' of type [org.springframework.boot.autoconfigure.jdbc.DataSourceProperties] is not eligible for getting processed by all BeanPostProcessors (for example: not eligible for auto-proxying)
2019-05-06 11:06:36,898 [INFO] [restartedMain] o.s.c.s.PostProcessorRegistrationDelegate$BeanPostProcessorChecker [PostProcessorRegistrationDelegate.java : 330] Bean 'com.alibaba.druid.spring.boot.autoconfigure.stat.DruidFilterConfiguration' of type [com.alibaba.druid.spring.boot.autoconfigure.stat.DruidFilterConfiguration] is not eligible for getting processed by all BeanPostProcessors (for example: not eligible for auto-proxying)
2019-05-06 11:06:36,913 [INFO] [restartedMain] o.s.c.s.PostProcessorRegistrationDelegate$BeanPostProcessorChecker [PostProcessorRegistrationDelegate.java : 330] Bean 'statFilter' of type [com.alibaba.druid.filter.stat.StatFilter] is not eligible for getting processed by all BeanPostProcessors (for example: not eligible for auto-proxying)
2019-05-06 11:06:36,926 [INFO] [restartedMain] o.s.c.s.PostProcessorRegistrationDelegate$BeanPostProcessorChecker [PostProcessorRegistrationDelegate.java : 330] Bean 'firstDataSource' of type [com.alibaba.druid.spring.boot.autoconfigure.DruidDataSourceWrapper] is not eligible for getting processed by all BeanPostProcessors (for example: not eligible for auto-proxying)
2019-05-06 11:06:36,939 [INFO] [restartedMain] o.s.c.s.PostProcessorRegistrationDelegate$BeanPostProcessorChecker [PostProcessorRegistrationDelegate.java : 330] Bean 'secondDataSource' of type [com.alibaba.druid.spring.boot.autoconfigure.DruidDataSourceWrapper] is not eligible for getting processed by all BeanPostProcessors (for example: not eligible for auto-proxying)
2019-05-06 11:06:36,942 [INFO] [restartedMain] o.s.c.s.PostProcessorRegistrationDelegate$BeanPostProcessorChecker [PostProcessorRegistrationDelegate.java : 330] Bean 'dataSource' of type [com.hy.wf.admin.datasources.DynamicDataSource] is not eligible for getting processed by all BeanPostProcessors (for example: not eligible for auto-proxying)
2019-05-06 11:06:36,993 [INFO] [restartedMain] com.alibaba.druid.pool.DruidDataSource [DruidDataSource.java : 930] {dataSource-1} inited
2019-05-06 11:06:37,994 [INFO] [restartedMain] o.s.c.s.PostProcessorRegistrationDelegate$BeanPostProcessorChecker [PostProcessorRegistrationDelegate.java : 330] Bean 'sqlSessionFactory' of type [org.apache.ibatis.session.defaults.DefaultSqlSessionFactory] is not eligible for getting processed by all BeanPostProcessors (for example: not eligible for auto-proxying)
2019-05-06 11:06:37,996 [INFO] [restartedMain] o.s.c.s.PostProcessorRegistrationDelegate$BeanPostProcessorChecker [PostProcessorRegistrationDelegate.java : 330] Bean 'sqlSessionTemplate' of type [org.mybatis.spring.SqlSessionTemplate] is not eligible for getting processed by all BeanPostProcessors (for example: not eligible for auto-proxying)
2019-05-06 11:06:37,997 [INFO] [restartedMain] o.s.c.s.PostProcessorRegistrationDelegate$BeanPostProcessorChecker [PostProcessorRegistrationDelegate.java : 330] Bean 'sysUserDao' of type [org.mybatis.spring.mapper.MapperFactoryBean] is not eligible for getting processed by all BeanPostProcessors (for example: not eligible for auto-proxying)
2019-05-06 11:06:37,999 [INFO] [restartedMain] o.s.c.s.PostProcessorRegistrationDelegate$BeanPostProcessorChecker [PostProcessorRegistrationDelegate.java : 330] Bean 'sysUserDao' of type [com.sun.proxy.$Proxy71] is not eligible for getting processed by all BeanPostProcessors (for example: not eligible for auto-proxying)
2019-05-06 11:06:38,000 [INFO] [restartedMain] o.s.c.s.PostProcessorRegistrationDelegate$BeanPostProcessorChecker [PostProcessorRegistrationDelegate.java : 330] Bean 'sysMenuDao' of type [org.mybatis.spring.mapper.MapperFactoryBean] is not eligible for getting processed by all BeanPostProcessors (for example: not eligible for auto-proxying)
2019-05-06 11:06:38,002 [INFO] [restartedMain] o.s.c.s.PostProcessorRegistrationDelegate$BeanPostProcessorChecker [PostProcessorRegistrationDelegate.java : 330] Bean 'sysMenuDao' of type [com.sun.proxy.$Proxy72] is not eligible for getting processed by all BeanPostProcessors (for example: not eligible for auto-proxying)
2019-05-06 11:06:38,002 [INFO] [restartedMain] o.s.c.s.PostProcessorRegistrationDelegate$BeanPostProcessorChecker [PostProcessorRegistrationDelegate.java : 330] Bean 'userRealm' of type [com.hy.wf.admin.modules.sys.shiro.UserRealm] is not eligible for getting processed by all BeanPostProcessors (for example: not eligible for auto-proxying)
2019-05-06 11:06:38,008 [INFO] [restartedMain] o.s.c.s.PostProcessorRegistrationDelegate$BeanPostProcessorChecker [PostProcessorRegistrationDelegate.java : 330] Bean 'org.springframework.boot.autoconfigure.data.redis.RedisAutoConfiguration' of type [org.springframework.boot.autoconfigure.data.redis.RedisAutoConfiguration$$EnhancerBySpringCGLIB$$b4fa37d6] is not eligible for getting processed by all BeanPostProcessors (for example: not eligible for auto-proxying)
2019-05-06 11:06:38,015 [INFO] [restartedMain] o.s.c.s.PostProcessorRegistrationDelegate$BeanPostProcessorChecker [PostProcessorRegistrationDelegate.java : 330] Bean 'spring.redis-org.springframework.boot.autoconfigure.data.redis.RedisProperties' of type [org.springframework.boot.autoconfigure.data.redis.RedisProperties] is not eligible for getting processed by all BeanPostProcessors (for example: not eligible for auto-proxying)
2019-05-06 11:06:38,016 [INFO] [restartedMain] o.s.c.s.PostProcessorRegistrationDelegate$BeanPostProcessorChecker [PostProcessorRegistrationDelegate.java : 330] Bean 'org.springframework.boot.autoconfigure.data.redis.LettuceConnectionConfiguration' of type [org.springframework.boot.autoconfigure.data.redis.LettuceConnectionConfiguration$$EnhancerBySpringCGLIB$$d47ccae4] is not eligible for getting processed by all BeanPostProcessors (for example: not eligible for auto-proxying)
2019-05-06 11:06:38,101 [INFO] [restartedMain] o.s.c.s.PostProcessorRegistrationDelegate$BeanPostProcessorChecker [PostProcessorRegistrationDelegate.java : 330] Bean 'lettuceClientResources' of type [io.lettuce.core.resource.DefaultClientResources] is not eligible for getting processed by all BeanPostProcessors (for example: not eligible for auto-proxying)
2019-05-06 11:06:38,159 [INFO] [restartedMain] o.s.c.s.PostProcessorRegistrationDelegate$BeanPostProcessorChecker [PostProcessorRegistrationDelegate.java : 330] Bean 'redisConnectionFactory' of type [org.springframework.data.redis.connection.lettuce.LettuceConnectionFactory] is not eligible for getting processed by all BeanPostProcessors (for example: not eligible for auto-proxying)
2019-05-06 11:06:38,168 [INFO] [restartedMain] o.s.c.s.PostProcessorRegistrationDelegate$BeanPostProcessorChecker [PostProcessorRegistrationDelegate.java : 330] Bean 'redisTemplate' of type [org.springframework.data.redis.core.RedisTemplate] is not eligible for getting processed by all BeanPostProcessors (for example: not eligible for auto-proxying)
2019-05-06 11:06:38,169 [INFO] [restartedMain] o.s.c.s.PostProcessorRegistrationDelegate$BeanPostProcessorChecker [PostProcessorRegistrationDelegate.java : 330] Bean 'redisShiroSessionDAO' of type [com.hy.wf.admin.modules.sys.shiro.RedisShiroSessionDAO] is not eligible for getting processed by all BeanPostProcessors (for example: not eligible for auto-proxying)
2019-05-06 11:06:38,178 [INFO] [restartedMain] o.s.c.s.PostProcessorRegistrationDelegate$BeanPostProcessorChecker [PostProcessorRegistrationDelegate.java : 330] Bean 'sessionManager' of type [org.apache.shiro.web.session.mgt.DefaultWebSessionManager] is not eligible for getting processed by all BeanPostProcessors (for example: not eligible for auto-proxying)
2019-05-06 11:06:38,276 [INFO] [restartedMain] o.s.c.s.PostProcessorRegistrationDelegate$BeanPostProcessorChecker [PostProcessorRegistrationDelegate.java : 330] Bean 'securityManager' of type [org.apache.shiro.web.mgt.DefaultWebSecurityManager] is not eligible for getting processed by all BeanPostProcessors (for example: not eligible for auto-proxying)
2019-05-06 11:06:38,297 [INFO] [restartedMain] o.s.c.s.PostProcessorRegistrationDelegate$BeanPostProcessorChecker [PostProcessorRegistrationDelegate.java : 330] Bean 'authorizationAttributeSourceAdvisor' of type [org.apache.shiro.spring.security.interceptor.AuthorizationAttributeSourceAdvisor] is not eligible for getting processed by all BeanPostProcessors (for example: not eligible for auto-proxying)
2019-05-06 11:06:38,337 [INFO] [restartedMain] o.s.c.s.PostProcessorRegistrationDelegate$BeanPostProcessorChecker [PostProcessorRegistrationDelegate.java : 330] Bean 'org.springframework.transaction.annotation.ProxyTransactionManagementConfiguration' of type [org.springframework.transaction.annotation.ProxyTransactionManagementConfiguration$$EnhancerBySpringCGLIB$$bf630c9a] is not eligible for getting processed by all BeanPostProcessors (for example: not eligible for auto-proxying)
2019-05-06 11:06:38,435 [INFO] [restartedMain] o.s.c.s.PostProcessorRegistrationDelegate$BeanPostProcessorChecker [PostProcessorRegistrationDelegate.java : 330] Bean 'redisConfig' of type [com.hy.wf.admin.common.config.RedisConfig$$EnhancerBySpringCGLIB$$ed9769c5] is not eligible for getting processed by all BeanPostProcessors (for example: not eligible for auto-proxying)
2019-05-06 11:06:38,807 [INFO] [restartedMain] org.springframework.boot.web.embedded.tomcat.TomcatWebServer [TomcatWebServer.java : 90] Tomcat initialized with port(s): 8088 (http)
2019-05-06 11:06:38,822 [INFO] [restartedMain] org.apache.catalina.core.StandardService [DirectJDKLog.java : 173] Starting service [Tomcat]
2019-05-06 11:06:38,822 [INFO] [restartedMain] org.apache.catalina.core.StandardEngine [DirectJDKLog.java : 173] Starting Servlet engine: [Apache Tomcat/9.0.16]
2019-05-06 11:06:38,826 [INFO] [restartedMain] org.apache.catalina.core.AprLifecycleListener [DirectJDKLog.java : 173] The APR based Apache Tomcat Native library which allows optimal performance in production environments was not found on the java.library.path: [D:\Java1.8\jdk1.8.0_25\bin;C:\WINDOWS\Sun\Java\bin;C:\WINDOWS\system32;C:\WINDOWS;C:\Program Files (x86)\Common Files\Oracle\Java\javapath;C:\ProgramData\Oracle\Java\javapath;C:\Program Files (x86)\Intel\Intel(R) Management Engine Components\iCLS\;C:\Program Files\Intel\Intel(R) Management Engine Components\iCLS\;C:\WINDOWS\system32;C:\WINDOWS;C:\WINDOWS\System32\Wbem;C:\WINDOWS\System32\WindowsPowerShell\v1.0\;C:\Program Files (x86)\Intel\Intel(R) Management Engine Components\DAL;C:\Program Files\Intel\Intel(R) Management Engine Components\DAL;C:\Program Files (x86)\Intel\Intel(R) Management Engine Components\IPT;C:\Program Files\Intel\Intel(R) Management Engine Components\IPT;C:\WINDOWS\System32\OpenSSH\;D:\Java1.8\jdk1.8.0_25\bin;D:\Java1.8\jdk1.8.0_25\jre\bin;D:\apache-maven-3.5.4\bin;D:\nodejs\;D:\TortoiseSVN\bin;D:\Git\cmd;C:\Users\EDZ\AppData\Local\Microsoft\WindowsApps;;D:\WebStorm 2018.3.2\bin;;C:\Users\EDZ\AppData\Roaming\npm;.]
2019-05-06 11:06:38,929 [INFO] [restartedMain] o.a.c.core.ContainerBase.[Tomcat].[localhost].[/wf-admin] [DirectJDKLog.java : 173] Initializing Spring embedded WebApplicationContext
2019-05-06 11:06:38,929 [INFO] [restartedMain] org.springframework.web.context.ContextLoader [ServletWebServerApplicationContext.java : 296] Root WebApplicationContext: initialization completed in 3743 ms
2019-05-06 11:06:40,786 [INFO] [restartedMain] s.d.spring.web.PropertySourcedRequestMappingHandlerMapping [PropertySourcedRequestMappingHandlerMapping.java : 69] Mapped URL path [/v2/api-docs] onto method [public org.springframework.http.ResponseEntity<springfox.documentation.spring.web.json.Json> springfox.documentation.swagger2.web.Swagger2Controller.getDocumentation(java.lang.String,javax.servlet.http.HttpServletRequest)]
2019-05-06 11:06:41,094 [INFO] [restartedMain] o.s.scheduling.concurrent.ThreadPoolTaskExecutor [ExecutorConfigurationSupport.java : 171] Initializing ExecutorService 'applicationTaskExecutor'
2019-05-06 11:06:41,178 [INFO] [restartedMain] o.s.boot.devtools.autoconfigure.OptionalLiveReloadServer [OptionalLiveReloadServer.java : 57] LiveReload server is running on port 35729
2019-05-06 11:06:41,294 [INFO] [restartedMain] o.s.boot.autoconfigure.web.servlet.WelcomePageHandlerMapping [WelcomePageHandlerMapping.java : 61] Adding welcome page template: index
2019-05-06 11:06:41,798 [INFO] [restartedMain] org.quartz.impl.StdSchedulerFactory [StdSchedulerFactory.java : 1208] Using default implementation for ThreadExecutor
2019-05-06 11:06:41,811 [INFO] [restartedMain] org.quartz.core.SchedulerSignalerImpl [SchedulerSignalerImpl.java : 61] Initialized Scheduler Signaller of type: class org.quartz.core.SchedulerSignalerImpl
2019-05-06 11:06:41,812 [INFO] [restartedMain] org.quartz.core.QuartzScheduler [QuartzScheduler.java : 229] Quartz Scheduler v.2.3.0 created.
2019-05-06 11:06:41,812 [INFO] [restartedMain] org.quartz.simpl.RAMJobStore [RAMJobStore.java : 155] RAMJobStore initialized.
2019-05-06 11:06:41,813 [INFO] [restartedMain] org.quartz.core.QuartzScheduler [QuartzScheduler.java : 294] Scheduler meta-data: Quartz Scheduler (v2.3.0) 'quartzScheduler' with instanceId 'NON_CLUSTERED'
  Scheduler class: 'org.quartz.core.QuartzScheduler' - running locally.
  NOT STARTED.
  Currently in standby mode.
  Number of jobs executed: 0
  Using thread pool 'org.quartz.simpl.SimpleThreadPool' - with 10 threads.
  Using job-store 'org.quartz.simpl.RAMJobStore' - which does not support persistence. and is not clustered.

2019-05-06 11:06:41,813 [INFO] [restartedMain] org.quartz.impl.StdSchedulerFactory [StdSchedulerFactory.java : 1362] Quartz scheduler 'quartzScheduler' initialized from an externally provided properties instance.
2019-05-06 11:06:41,813 [INFO] [restartedMain] org.quartz.impl.StdSchedulerFactory [StdSchedulerFactory.java : 1366] Quartz scheduler version: 2.3.0
2019-05-06 11:06:41,813 [INFO] [restartedMain] org.quartz.core.QuartzScheduler [QuartzScheduler.java : 2287] JobFactory set to: org.springframework.scheduling.quartz.SpringBeanJobFactory@340b21a0
2019-05-06 11:06:42,073 [INFO] [restartedMain] s.d.spring.web.plugins.DocumentationPluginsBootstrapper [DocumentationPluginsBootstrapper.java : 147] Context refreshed
2019-05-06 11:06:42,089 [INFO] [restartedMain] s.d.spring.web.plugins.DocumentationPluginsBootstrapper [DocumentationPluginsBootstrapper.java : 150] Found 1 custom documentation plugin(s)
2019-05-06 11:06:42,121 [INFO] [restartedMain] s.d.spring.web.scanners.ApiListingReferenceScanner [ApiListingReferenceScanner.java : 41] Scanning for api listing references
2019-05-06 11:06:42,130 [INFO] [restartedMain] org.springframework.scheduling.quartz.SchedulerFactoryBean [SchedulerFactoryBean.java : 726] Starting Quartz Scheduler now
2019-05-06 11:06:42,130 [INFO] [restartedMain] org.quartz.core.QuartzScheduler [QuartzScheduler.java : 547] Scheduler quartzScheduler_$_NON_CLUSTERED started.
2019-05-06 11:06:42,158 [INFO] [restartedMain] org.springframework.boot.web.embedded.tomcat.TomcatWebServer [TomcatWebServer.java : 204] Tomcat started on port(s): 8088 (http) with context path '/wf-admin'
2019-05-06 11:06:42,160 [INFO] [restartedMain] com.hy.wf.admin.WfAdminApplication [StartupInfoLogger.java : 59] Started WfAdminApplication in 7.494 seconds (JVM running for 8.898)
2019-05-06 11:06:45,930 [INFO] [http-nio-8088-exec-1] o.a.c.core.ContainerBase.[Tomcat].[localhost].[/wf-admin] [DirectJDKLog.java : 173] Initializing Spring DispatcherServlet 'dispatcherServlet'
2019-05-06 11:06:45,930 [INFO] [http-nio-8088-exec-1] org.springframework.web.servlet.DispatcherServlet [FrameworkServlet.java : 524] Initializing Servlet 'dispatcherServlet'
2019-05-06 11:06:45,942 [INFO] [http-nio-8088-exec-1] org.springframework.web.servlet.DispatcherServlet [FrameworkServlet.java : 546] Completed initialization in 11 ms
2019-05-06 11:06:45,955 [INFO] [http-nio-8088-exec-1] o.apache.shiro.session.mgt.AbstractValidatingSessionManager [AbstractValidatingSessionManager.java : 233] Enabling session validation scheduler...
2019-05-06 11:06:46,027 [INFO] [http-nio-8088-exec-1] io.lettuce.core.EpollProvider [Slf4JLogger.java : 101] Starting without optional epoll library
2019-05-06 11:06:46,029 [INFO] [http-nio-8088-exec-1] io.lettuce.core.KqueueProvider [Slf4JLogger.java : 101] Starting without optional kqueue library
2019-05-06 11:06:48,131 [DEBUG] [http-nio-8088-exec-3] com.hy.wf.admin.modules.sys.dao.SysMenuDao.queryListParentId [BaseJdbcLogger.java : 159] ==>  Preparing: select * from sys_menu where parent_id = ? order by order_num asc 
2019-05-06 11:06:48,150 [DEBUG] [http-nio-8088-exec-3] com.hy.wf.admin.modules.sys.dao.SysMenuDao.queryListParentId [BaseJdbcLogger.java : 159] ==> Parameters: 0(Long)
2019-05-06 11:06:48,181 [DEBUG] [http-nio-8088-exec-3] com.hy.wf.admin.modules.sys.dao.SysMenuDao.queryListParentId [BaseJdbcLogger.java : 159] <==      Total: 6
2019-05-06 11:06:48,194 [DEBUG] [http-nio-8088-exec-3] com.hy.wf.admin.modules.sys.dao.SysMenuDao.queryListParentId [BaseJdbcLogger.java : 159] ==>  Preparing: select * from sys_menu where parent_id = ? order by order_num asc 
2019-05-06 11:06:48,195 [DEBUG] [http-nio-8088-exec-3] com.hy.wf.admin.modules.sys.dao.SysMenuDao.queryListParentId [BaseJdbcLogger.java : 159] ==> Parameters: 1(Long)
2019-05-06 11:06:48,204 [DEBUG] [http-nio-8088-exec-3] com.hy.wf.admin.modules.sys.dao.SysMenuDao.queryListParentId [BaseJdbcLogger.java : 159] <==      Total: 9
2019-05-06 11:06:48,205 [DEBUG] [http-nio-8088-exec-3] com.hy.wf.admin.modules.sys.dao.SysMenuDao.queryListParentId [BaseJdbcLogger.java : 159] ==>  Preparing: select * from sys_menu where parent_id = ? order by order_num asc 
2019-05-06 11:06:48,205 [DEBUG] [http-nio-8088-exec-3] com.hy.wf.admin.modules.sys.dao.SysMenuDao.queryListParentId [BaseJdbcLogger.java : 159] ==> Parameters: 41(Long)
2019-05-06 11:06:48,213 [DEBUG] [http-nio-8088-exec-3] com.hy.wf.admin.modules.sys.dao.SysMenuDao.queryListParentId [BaseJdbcLogger.java : 159] <==      Total: 3
2019-05-06 11:06:48,214 [DEBUG] [http-nio-8088-exec-3] com.hy.wf.admin.modules.sys.dao.SysMenuDao.queryListParentId [BaseJdbcLogger.java : 159] ==>  Preparing: select * from sys_menu where parent_id = ? order by order_num asc 
2019-05-06 11:06:48,215 [DEBUG] [http-nio-8088-exec-3] com.hy.wf.admin.modules.sys.dao.SysMenuDao.queryListParentId [BaseJdbcLogger.java : 159] ==> Parameters: 47(Long)
2019-05-06 11:06:48,221 [DEBUG] [http-nio-8088-exec-3] com.hy.wf.admin.modules.sys.dao.SysMenuDao.queryListParentId [BaseJdbcLogger.java : 159] <==      Total: 7
2019-05-06 11:06:48,221 [DEBUG] [http-nio-8088-exec-3] com.hy.wf.admin.modules.sys.dao.SysMenuDao.queryListParentId [BaseJdbcLogger.java : 159] ==>  Preparing: select * from sys_menu where parent_id = ? order by order_num asc 
2019-05-06 11:06:48,222 [DEBUG] [http-nio-8088-exec-3] com.hy.wf.admin.modules.sys.dao.SysMenuDao.queryListParentId [BaseJdbcLogger.java : 159] ==> Parameters: 66(Long)
2019-05-06 11:06:48,228 [DEBUG] [http-nio-8088-exec-3] com.hy.wf.admin.modules.sys.dao.SysMenuDao.queryListParentId [BaseJdbcLogger.java : 159] <==      Total: 3
2019-05-06 11:06:48,229 [DEBUG] [http-nio-8088-exec-3] com.hy.wf.admin.modules.sys.dao.SysMenuDao.queryListParentId [BaseJdbcLogger.java : 159] ==>  Preparing: select * from sys_menu where parent_id = ? order by order_num asc 
2019-05-06 11:06:48,229 [DEBUG] [http-nio-8088-exec-3] com.hy.wf.admin.modules.sys.dao.SysMenuDao.queryListParentId [BaseJdbcLogger.java : 159] ==> Parameters: 72(Long)
2019-05-06 11:06:48,235 [DEBUG] [http-nio-8088-exec-3] com.hy.wf.admin.modules.sys.dao.SysMenuDao.queryListParentId [BaseJdbcLogger.java : 159] <==      Total: 2
2019-05-06 11:06:48,236 [DEBUG] [http-nio-8088-exec-3] com.hy.wf.admin.modules.sys.dao.SysMenuDao.queryListParentId [BaseJdbcLogger.java : 159] ==>  Preparing: select * from sys_menu where parent_id = ? order by order_num asc 
2019-05-06 11:06:48,236 [DEBUG] [http-nio-8088-exec-3] com.hy.wf.admin.modules.sys.dao.SysMenuDao.queryListParentId [BaseJdbcLogger.java : 159] ==> Parameters: 89(Long)
2019-05-06 11:06:48,242 [DEBUG] [http-nio-8088-exec-3] com.hy.wf.admin.modules.sys.dao.SysMenuDao.queryListParentId [BaseJdbcLogger.java : 159] <==      Total: 2
2019-05-06 11:06:53,526 [DEBUG] [http-nio-8088-exec-6] com.hy.wf.admin.modules.sys.dao.SysMenuDao.selectList [BaseJdbcLogger.java : 159] ==>  Preparing: SELECT menu_id AS menuId,parent_id AS parentId,`name`,url,perms,`type`,icon,order_num AS orderNum FROM sys_menu 
2019-05-06 11:06:53,526 [DEBUG] [http-nio-8088-exec-6] com.hy.wf.admin.modules.sys.dao.SysMenuDao.selectList [BaseJdbcLogger.java : 159] ==> Parameters: 
2019-05-06 11:06:53,538 [DEBUG] [http-nio-8088-exec-6] com.hy.wf.admin.modules.sys.dao.SysMenuDao.selectList [BaseJdbcLogger.java : 159] <==      Total: 101
2019-05-06 11:06:53,540 [DEBUG] [http-nio-8088-exec-6] com.hy.wf.admin.modules.sys.dao.SysMenuDao.selectList [BaseJdbcLogger.java : 159] ==>  Preparing: SELECT menu_id AS menuId,parent_id AS parentId,`name`,url,perms,`type`,icon,order_num AS orderNum FROM sys_menu 
2019-05-06 11:06:53,540 [DEBUG] [http-nio-8088-exec-6] com.hy.wf.admin.modules.sys.dao.SysMenuDao.selectList [BaseJdbcLogger.java : 159] ==> Parameters: 
2019-05-06 11:06:53,551 [DEBUG] [http-nio-8088-exec-6] com.hy.wf.admin.modules.sys.dao.SysMenuDao.selectList [BaseJdbcLogger.java : 159] <==      Total: 101
2019-05-06 11:06:53,552 [DEBUG] [http-nio-8088-exec-6] com.hy.wf.admin.modules.sys.dao.SysMenuDao.selectList [BaseJdbcLogger.java : 159] ==>  Preparing: SELECT menu_id AS menuId,parent_id AS parentId,`name`,url,perms,`type`,icon,order_num AS orderNum FROM sys_menu 
2019-05-06 11:06:53,553 [DEBUG] [http-nio-8088-exec-6] com.hy.wf.admin.modules.sys.dao.SysMenuDao.selectList [BaseJdbcLogger.java : 159] ==> Parameters: 
2019-05-06 11:06:53,561 [DEBUG] [http-nio-8088-exec-6] com.hy.wf.admin.modules.sys.dao.SysMenuDao.selectList [BaseJdbcLogger.java : 159] <==      Total: 101
2019-05-06 11:06:53,676 [DEBUG] [http-nio-8088-exec-8] com.hy.wf.admin.modules.sys.dao.SysMenuDao.selectList [BaseJdbcLogger.java : 159] ==>  Preparing: SELECT menu_id AS menuId,parent_id AS parentId,`name`,url,perms,`type`,icon,order_num AS orderNum FROM sys_menu 
2019-05-06 11:06:53,677 [DEBUG] [http-nio-8088-exec-8] com.hy.wf.admin.modules.sys.dao.SysMenuDao.selectList [BaseJdbcLogger.java : 159] ==> Parameters: 
2019-05-06 11:06:53,685 [DEBUG] [http-nio-8088-exec-8] com.hy.wf.admin.modules.sys.dao.SysMenuDao.selectList [BaseJdbcLogger.java : 159] <==      Total: 101
2019-05-06 11:06:53,689 [DEBUG] [http-nio-8088-exec-8] com.hy.wf.admin.modules.sys.dao.SysMenuDao.selectList [BaseJdbcLogger.java : 159] ==>  Preparing: SELECT menu_id AS menuId,parent_id AS parentId,`name`,url,perms,`type`,icon,order_num AS orderNum FROM sys_menu 
2019-05-06 11:06:53,689 [DEBUG] [http-nio-8088-exec-8] com.hy.wf.admin.modules.sys.dao.SysMenuDao.selectList [BaseJdbcLogger.java : 159] ==> Parameters: 
2019-05-06 11:06:53,698 [DEBUG] [http-nio-8088-exec-8] com.hy.wf.admin.modules.sys.dao.SysMenuDao.selectList [BaseJdbcLogger.java : 159] <==      Total: 101
2019-05-06 11:06:53,761 [DEBUG] [http-nio-8088-exec-8] com.hy.wf.admin.modules.dao.FunctionDao.selectPage [BaseJdbcLogger.java : 159] ==>  Preparing: SELECT COUNT(1) FROM t_function 
2019-05-06 11:06:53,762 [DEBUG] [http-nio-8088-exec-8] com.hy.wf.admin.modules.dao.FunctionDao.selectPage [BaseJdbcLogger.java : 159] ==> Parameters: 
2019-05-06 11:06:53,771 [DEBUG] [http-nio-8088-exec-8] com.hy.wf.admin.modules.dao.FunctionDao.selectPage [BaseJdbcLogger.java : 159] ==>  Preparing: SELECT id,orders,title,`type`,`position`,url,price,meno,icon,`status`,app_type AS appType,`location`,target,create_date AS createDate,modify_date AS modifyDate,data_status AS dataStatus FROM t_function ORDER BY id DESC LIMIT 0,10 
2019-05-06 11:06:53,771 [DEBUG] [http-nio-8088-exec-8] com.hy.wf.admin.modules.dao.FunctionDao.selectPage [BaseJdbcLogger.java : 159] ==> Parameters: 
2019-05-06 11:06:53,780 [DEBUG] [http-nio-8088-exec-8] com.hy.wf.admin.modules.dao.FunctionDao.selectPage [BaseJdbcLogger.java : 159] <==      Total: 10
2019-05-06 11:07:06,802 [DEBUG] [http-nio-8088-exec-9] com.hy.wf.admin.modules.sys.dao.SysMenuDao.selectList [BaseJdbcLogger.java : 159] ==>  Preparing: SELECT menu_id AS menuId,parent_id AS parentId,`name`,url,perms,`type`,icon,order_num AS orderNum FROM sys_menu 
2019-05-06 11:07:06,802 [DEBUG] [http-nio-8088-exec-9] com.hy.wf.admin.modules.sys.dao.SysMenuDao.selectList [BaseJdbcLogger.java : 159] ==> Parameters: 
2019-05-06 11:07:06,811 [DEBUG] [http-nio-8088-exec-9] com.hy.wf.admin.modules.sys.dao.SysMenuDao.selectList [BaseJdbcLogger.java : 159] <==      Total: 101
2019-05-06 11:07:06,812 [DEBUG] [http-nio-8088-exec-9] com.hy.wf.admin.modules.sys.dao.SysMenuDao.selectList [BaseJdbcLogger.java : 159] ==>  Preparing: SELECT menu_id AS menuId,parent_id AS parentId,`name`,url,perms,`type`,icon,order_num AS orderNum FROM sys_menu 
2019-05-06 11:07:06,813 [DEBUG] [http-nio-8088-exec-9] com.hy.wf.admin.modules.sys.dao.SysMenuDao.selectList [BaseJdbcLogger.java : 159] ==> Parameters: 
2019-05-06 11:07:06,820 [DEBUG] [http-nio-8088-exec-9] com.hy.wf.admin.modules.sys.dao.SysMenuDao.selectList [BaseJdbcLogger.java : 159] <==      Total: 101
2019-05-06 11:07:06,823 [DEBUG] [http-nio-8088-exec-9] com.hy.wf.admin.modules.dao.FunctionDao.selectById [BaseJdbcLogger.java : 159] ==>  Preparing: SELECT id,orders,title,`type`,`position`,url,price,meno,icon,`status`,app_type AS appType,`location`,target,create_date AS createDate,modify_date AS modifyDate,data_status AS dataStatus FROM t_function WHERE id=? 
2019-05-06 11:07:06,824 [DEBUG] [http-nio-8088-exec-9] com.hy.wf.admin.modules.dao.FunctionDao.selectById [BaseJdbcLogger.java : 159] ==> Parameters: 55(Long)
2019-05-06 11:07:06,830 [DEBUG] [http-nio-8088-exec-9] com.hy.wf.admin.modules.dao.FunctionDao.selectById [BaseJdbcLogger.java : 159] <==      Total: 1
2019-05-06 11:07:13,369 [DEBUG] [http-nio-8088-exec-10] com.hy.wf.admin.modules.sys.dao.SysMenuDao.selectList [BaseJdbcLogger.java : 159] ==>  Preparing: SELECT menu_id AS menuId,parent_id AS parentId,`name`,url,perms,`type`,icon,order_num AS orderNum FROM sys_menu 
2019-05-06 11:07:13,369 [DEBUG] [http-nio-8088-exec-10] com.hy.wf.admin.modules.sys.dao.SysMenuDao.selectList [BaseJdbcLogger.java : 159] ==> Parameters: 
2019-05-06 11:07:13,376 [DEBUG] [http-nio-8088-exec-10] com.hy.wf.admin.modules.sys.dao.SysMenuDao.selectList [BaseJdbcLogger.java : 159] <==      Total: 101
2019-05-06 11:07:13,377 [DEBUG] [http-nio-8088-exec-10] com.hy.wf.admin.modules.sys.dao.SysMenuDao.selectList [BaseJdbcLogger.java : 159] ==>  Preparing: SELECT menu_id AS menuId,parent_id AS parentId,`name`,url,perms,`type`,icon,order_num AS orderNum FROM sys_menu 
2019-05-06 11:07:13,378 [DEBUG] [http-nio-8088-exec-10] com.hy.wf.admin.modules.sys.dao.SysMenuDao.selectList [BaseJdbcLogger.java : 159] ==> Parameters: 
2019-05-06 11:07:13,385 [DEBUG] [http-nio-8088-exec-10] com.hy.wf.admin.modules.sys.dao.SysMenuDao.selectList [BaseJdbcLogger.java : 159] <==      Total: 101
2019-05-06 11:07:13,499 [DEBUG] [http-nio-8088-exec-10] com.hy.wf.admin.modules.dao.FunctionDao.updateById [BaseJdbcLogger.java : 159] ==>  Preparing: UPDATE t_function SET orders=?, title=?, `type`=?, `position`=?, price=?, icon=?, `status`=?, app_type=?, `location`=?, create_date=?, modify_date=?, data_status=? WHERE id=? 
2019-05-06 11:07:13,502 [DEBUG] [http-nio-8088-exec-10] com.hy.wf.admin.modules.dao.FunctionDao.updateById [BaseJdbcLogger.java : 159] ==> Parameters: 8(Integer), (String), 2(Integer), index(String), 30.5(BigDecimal), /images/function/home_icon_gengduo.png(String), 0(Integer), wfds(String), 1(Integer), 2019-04-28 23:45:46.0(Timestamp), 2019-04-28 23:45:46.0(Timestamp), 1(Integer), 55(Long)
2019-05-06 11:07:13,515 [DEBUG] [http-nio-8088-exec-10] com.hy.wf.admin.modules.dao.FunctionDao.updateById [BaseJdbcLogger.java : 159] <==    Updates: 1
2019-05-06 11:07:13,529 [DEBUG] [http-nio-8088-exec-10] com.hy.wf.admin.modules.dao.FunctionDao.selectList [BaseJdbcLogger.java : 159] ==>  Preparing: SELECT id,orders,title,`type`,`position`,url,price,meno,icon,`status`,app_type AS appType,`location`,target,create_date AS createDate,modify_date AS modifyDate,data_status AS dataStatus FROM t_function WHERE (position = ? AND app_type = ? AND data_status = ?) ORDER BY status ASC, orders ASC 
2019-05-06 11:07:13,530 [DEBUG] [http-nio-8088-exec-10] com.hy.wf.admin.modules.dao.FunctionDao.selectList [BaseJdbcLogger.java : 159] ==> Parameters: index(String), wfds(String), 1(Integer)
2019-05-06 11:07:13,539 [DEBUG] [http-nio-8088-exec-10] com.hy.wf.admin.modules.dao.FunctionDao.selectList [BaseJdbcLogger.java : 159] <==      Total: 5
2019-05-06 11:07:13,548 [DEBUG] [http-nio-8088-exec-10] com.hy.wf.admin.modules.dao.FunctionRuleDao.selectList [BaseJdbcLogger.java : 159] ==>  Preparing: SELECT id,function_id AS functionId,`type`,meno,check_value AS checkValue,create_date AS createDate,modify_date AS modifyDate,data_status AS dataStatus FROM t_function_rule WHERE (function_id IN (?,?,?,?,?)) 
2019-05-06 11:07:13,549 [DEBUG] [http-nio-8088-exec-10] com.hy.wf.admin.modules.dao.FunctionRuleDao.selectList [BaseJdbcLogger.java : 159] ==> Parameters: 48(Long), 54(Long), 51(Long), 55(Long), 59(Long)
2019-05-06 11:07:13,556 [DEBUG] [http-nio-8088-exec-10] com.hy.wf.admin.modules.dao.FunctionRuleDao.selectList [BaseJdbcLogger.java : 159] <==      Total: 3
2019-05-06 11:07:13,738 [DEBUG] [http-nio-8088-exec-10] com.hy.wf.admin.modules.sys.dao.SysLogDao.insert [BaseJdbcLogger.java : 159] ==>  Preparing: INSERT INTO sys_log ( username, `operation`, `method`, params, `time`, ip, create_date ) VALUES ( ?, ?, ?, ?, ?, ?, ? ) 
2019-05-06 11:07:13,739 [DEBUG] [http-nio-8088-exec-10] com.hy.wf.admin.modules.sys.dao.SysLogDao.insert [BaseJdbcLogger.java : 159] ==> Parameters: admin(String), (String), com.hy.wf.admin.modules.controller.CommonController.functionUpdate()(String), {"orders":8,"title":"","type":2,"position":"index","url":"","price":30.5,"meno":"","icon":"/images/function/home_icon_gengduo.png","status":0,"appType":"wfds","location":1,"target":"","id":55,"createDate":"Apr 28, 2019 11:45:46 PM","modifyDate":"Apr 28, 2019 11:45:46 PM","dataStatus":1}(String), 293(Long), 127.0.0.1(String), 2019-05-06 11:07:13.726(Timestamp)
2019-05-06 11:07:13,750 [DEBUG] [http-nio-8088-exec-10] com.hy.wf.admin.modules.sys.dao.SysLogDao.insert [BaseJdbcLogger.java : 159] <==    Updates: 1
2019-05-06 11:07:14,944 [DEBUG] [http-nio-8088-exec-13] com.hy.wf.admin.modules.sys.dao.SysMenuDao.selectList [BaseJdbcLogger.java : 159] ==>  Preparing: SELECT menu_id AS menuId,parent_id AS parentId,`name`,url,perms,`type`,icon,order_num AS orderNum FROM sys_menu 
2019-05-06 11:07:14,945 [DEBUG] [http-nio-8088-exec-13] com.hy.wf.admin.modules.sys.dao.SysMenuDao.selectList [BaseJdbcLogger.java : 159] ==> Parameters: 
2019-05-06 11:07:14,951 [DEBUG] [http-nio-8088-exec-13] com.hy.wf.admin.modules.sys.dao.SysMenuDao.selectList [BaseJdbcLogger.java : 159] <==      Total: 101
2019-05-06 11:07:14,953 [DEBUG] [http-nio-8088-exec-13] com.hy.wf.admin.modules.sys.dao.SysMenuDao.selectList [BaseJdbcLogger.java : 159] ==>  Preparing: SELECT menu_id AS menuId,parent_id AS parentId,`name`,url,perms,`type`,icon,order_num AS orderNum FROM sys_menu 
2019-05-06 11:07:14,953 [DEBUG] [http-nio-8088-exec-13] com.hy.wf.admin.modules.sys.dao.SysMenuDao.selectList [BaseJdbcLogger.java : 159] ==> Parameters: 
2019-05-06 11:07:14,960 [DEBUG] [http-nio-8088-exec-13] com.hy.wf.admin.modules.sys.dao.SysMenuDao.selectList [BaseJdbcLogger.java : 159] <==      Total: 101
2019-05-06 11:07:14,962 [DEBUG] [http-nio-8088-exec-13] com.hy.wf.admin.modules.dao.FunctionDao.selectPage [BaseJdbcLogger.java : 159] ==>  Preparing: SELECT COUNT(1) FROM t_function 
2019-05-06 11:07:14,962 [DEBUG] [http-nio-8088-exec-13] com.hy.wf.admin.modules.dao.FunctionDao.selectPage [BaseJdbcLogger.java : 159] ==> Parameters: 
2019-05-06 11:07:14,970 [DEBUG] [http-nio-8088-exec-13] com.hy.wf.admin.modules.dao.FunctionDao.selectPage [BaseJdbcLogger.java : 159] ==>  Preparing: SELECT id,orders,title,`type`,`position`,url,price,meno,icon,`status`,app_type AS appType,`location`,target,create_date AS createDate,modify_date AS modifyDate,data_status AS dataStatus FROM t_function ORDER BY id DESC LIMIT 0,10 
2019-05-06 11:07:14,970 [DEBUG] [http-nio-8088-exec-13] com.hy.wf.admin.modules.dao.FunctionDao.selectPage [BaseJdbcLogger.java : 159] ==> Parameters: 
2019-05-06 11:07:14,976 [DEBUG] [http-nio-8088-exec-13] com.hy.wf.admin.modules.dao.FunctionDao.selectPage [BaseJdbcLogger.java : 159] <==      Total: 10
2019-05-06 11:08:43,846 [DEBUG] [http-nio-8088-exec-16] com.hy.wf.admin.modules.sys.dao.SysMenuDao.selectList [BaseJdbcLogger.java : 159] ==>  Preparing: SELECT menu_id AS menuId,parent_id AS parentId,`name`,url,perms,`type`,icon,order_num AS orderNum FROM sys_menu 
2019-05-06 11:08:43,846 [DEBUG] [http-nio-8088-exec-16] com.hy.wf.admin.modules.sys.dao.SysMenuDao.selectList [BaseJdbcLogger.java : 159] ==> Parameters: 
2019-05-06 11:08:43,853 [DEBUG] [http-nio-8088-exec-16] com.hy.wf.admin.modules.sys.dao.SysMenuDao.selectList [BaseJdbcLogger.java : 159] <==      Total: 101
2019-05-06 11:08:43,855 [DEBUG] [http-nio-8088-exec-16] com.hy.wf.admin.modules.sys.dao.SysMenuDao.selectList [BaseJdbcLogger.java : 159] ==>  Preparing: SELECT menu_id AS menuId,parent_id AS parentId,`name`,url,perms,`type`,icon,order_num AS orderNum FROM sys_menu 
2019-05-06 11:08:43,855 [DEBUG] [http-nio-8088-exec-16] com.hy.wf.admin.modules.sys.dao.SysMenuDao.selectList [BaseJdbcLogger.java : 159] ==> Parameters: 
2019-05-06 11:08:43,862 [DEBUG] [http-nio-8088-exec-16] com.hy.wf.admin.modules.sys.dao.SysMenuDao.selectList [BaseJdbcLogger.java : 159] <==      Total: 101
2019-05-06 11:08:43,863 [DEBUG] [http-nio-8088-exec-16] com.hy.wf.admin.modules.dao.FunctionDao.selectById [BaseJdbcLogger.java : 159] ==>  Preparing: SELECT id,orders,title,`type`,`position`,url,price,meno,icon,`status`,app_type AS appType,`location`,target,create_date AS createDate,modify_date AS modifyDate,data_status AS dataStatus FROM t_function WHERE id=? 
2019-05-06 11:08:43,864 [DEBUG] [http-nio-8088-exec-16] com.hy.wf.admin.modules.dao.FunctionDao.selectById [BaseJdbcLogger.java : 159] ==> Parameters: 55(Long)
2019-05-06 11:08:43,870 [DEBUG] [http-nio-8088-exec-16] com.hy.wf.admin.modules.dao.FunctionDao.selectById [BaseJdbcLogger.java : 159] <==      Total: 1
2019-05-06 11:08:46,888 [DEBUG] [http-nio-8088-exec-17] com.hy.wf.admin.modules.sys.dao.SysMenuDao.selectList [BaseJdbcLogger.java : 159] ==>  Preparing: SELECT menu_id AS menuId,parent_id AS parentId,`name`,url,perms,`type`,icon,order_num AS orderNum FROM sys_menu 
2019-05-06 11:08:46,888 [DEBUG] [http-nio-8088-exec-17] com.hy.wf.admin.modules.sys.dao.SysMenuDao.selectList [BaseJdbcLogger.java : 159] ==> Parameters: 
2019-05-06 11:08:46,895 [DEBUG] [http-nio-8088-exec-17] com.hy.wf.admin.modules.sys.dao.SysMenuDao.selectList [BaseJdbcLogger.java : 159] <==      Total: 101
2019-05-06 11:08:46,896 [DEBUG] [http-nio-8088-exec-17] com.hy.wf.admin.modules.sys.dao.SysMenuDao.selectList [BaseJdbcLogger.java : 159] ==>  Preparing: SELECT menu_id AS menuId,parent_id AS parentId,`name`,url,perms,`type`,icon,order_num AS orderNum FROM sys_menu 
2019-05-06 11:08:46,896 [DEBUG] [http-nio-8088-exec-17] com.hy.wf.admin.modules.sys.dao.SysMenuDao.selectList [BaseJdbcLogger.java : 159] ==> Parameters: 
2019-05-06 11:08:46,907 [DEBUG] [http-nio-8088-exec-17] com.hy.wf.admin.modules.sys.dao.SysMenuDao.selectList [BaseJdbcLogger.java : 159] <==      Total: 101
2019-05-06 11:08:46,922 [DEBUG] [http-nio-8088-exec-17] com.hy.wf.admin.modules.dao.FunctionDao.updateById [BaseJdbcLogger.java : 159] ==>  Preparing: UPDATE t_function SET orders=?, title=?, `type`=?, `position`=?, price=?, icon=?, `status`=?, app_type=?, `location`=?, create_date=?, modify_date=?, data_status=? WHERE id=? 
2019-05-06 11:08:46,924 [DEBUG] [http-nio-8088-exec-17] com.hy.wf.admin.modules.dao.FunctionDao.updateById [BaseJdbcLogger.java : 159] ==> Parameters: 8(Integer), (String), 2(Integer), index(String), 30.5(BigDecimal), /images/function/home_icon_gengduo.png(String), 0(Integer), wfds(String), 1(Integer), 2019-04-28 23:45:46.0(Timestamp), 2019-04-28 23:45:46.0(Timestamp), 0(Integer), 55(Long)
2019-05-06 11:08:46,937 [DEBUG] [http-nio-8088-exec-17] com.hy.wf.admin.modules.dao.FunctionDao.updateById [BaseJdbcLogger.java : 159] <==    Updates: 1
2019-05-06 11:08:46,938 [DEBUG] [http-nio-8088-exec-17] com.hy.wf.admin.modules.dao.FunctionDao.selectList [BaseJdbcLogger.java : 159] ==>  Preparing: SELECT id,orders,title,`type`,`position`,url,price,meno,icon,`status`,app_type AS appType,`location`,target,create_date AS createDate,modify_date AS modifyDate,data_status AS dataStatus FROM t_function WHERE (position = ? AND app_type = ? AND data_status = ?) ORDER BY status ASC, orders ASC 
2019-05-06 11:08:46,939 [DEBUG] [http-nio-8088-exec-17] com.hy.wf.admin.modules.dao.FunctionDao.selectList [BaseJdbcLogger.java : 159] ==> Parameters: index(String), wfds(String), 1(Integer)
2019-05-06 11:08:46,946 [DEBUG] [http-nio-8088-exec-17] com.hy.wf.admin.modules.dao.FunctionDao.selectList [BaseJdbcLogger.java : 159] <==      Total: 4
2019-05-06 11:08:46,947 [DEBUG] [http-nio-8088-exec-17] com.hy.wf.admin.modules.dao.FunctionRuleDao.selectList [BaseJdbcLogger.java : 159] ==>  Preparing: SELECT id,function_id AS functionId,`type`,meno,check_value AS checkValue,create_date AS createDate,modify_date AS modifyDate,data_status AS dataStatus FROM t_function_rule WHERE (function_id IN (?,?,?,?)) 
2019-05-06 11:08:46,948 [DEBUG] [http-nio-8088-exec-17] com.hy.wf.admin.modules.dao.FunctionRuleDao.selectList [BaseJdbcLogger.java : 159] ==> Parameters: 48(Long), 54(Long), 51(Long), 59(Long)
2019-05-06 11:08:46,954 [DEBUG] [http-nio-8088-exec-17] com.hy.wf.admin.modules.dao.FunctionRuleDao.selectList [BaseJdbcLogger.java : 159] <==      Total: 3
2019-05-06 11:08:47,006 [DEBUG] [http-nio-8088-exec-17] com.hy.wf.admin.modules.sys.dao.SysLogDao.insert [BaseJdbcLogger.java : 159] ==>  Preparing: INSERT INTO sys_log ( username, `operation`, `method`, params, `time`, ip, create_date ) VALUES ( ?, ?, ?, ?, ?, ?, ? ) 
2019-05-06 11:08:47,007 [DEBUG] [http-nio-8088-exec-17] com.hy.wf.admin.modules.sys.dao.SysLogDao.insert [BaseJdbcLogger.java : 159] ==> Parameters: admin(String), (String), com.hy.wf.admin.modules.controller.CommonController.functionUpdate()(String), {"orders":8,"title":"","type":2,"position":"index","url":"","price":30.5,"meno":"","icon":"/images/function/home_icon_gengduo.png","status":0,"appType":"wfds","location":1,"target":"","id":55,"createDate":"Apr 28, 2019 11:45:46 PM","modifyDate":"Apr 28, 2019 11:45:46 PM","dataStatus":0}(String), 88(Long), 127.0.0.1(String), 2019-05-06 11:08:47.0(Timestamp)
2019-05-06 11:08:47,018 [DEBUG] [http-nio-8088-exec-17] com.hy.wf.admin.modules.sys.dao.SysLogDao.insert [BaseJdbcLogger.java : 159] <==    Updates: 1
2019-05-06 11:08:48,630 [DEBUG] [http-nio-8088-exec-19] com.hy.wf.admin.modules.sys.dao.SysMenuDao.selectList [BaseJdbcLogger.java : 159] ==>  Preparing: SELECT menu_id AS menuId,parent_id AS parentId,`name`,url,perms,`type`,icon,order_num AS orderNum FROM sys_menu 
2019-05-06 11:08:48,631 [DEBUG] [http-nio-8088-exec-19] com.hy.wf.admin.modules.sys.dao.SysMenuDao.selectList [BaseJdbcLogger.java : 159] ==> Parameters: 
2019-05-06 11:08:48,637 [DEBUG] [http-nio-8088-exec-19] com.hy.wf.admin.modules.sys.dao.SysMenuDao.selectList [BaseJdbcLogger.java : 159] <==      Total: 101
2019-05-06 11:08:48,638 [DEBUG] [http-nio-8088-exec-19] com.hy.wf.admin.modules.sys.dao.SysMenuDao.selectList [BaseJdbcLogger.java : 159] ==>  Preparing: SELECT menu_id AS menuId,parent_id AS parentId,`name`,url,perms,`type`,icon,order_num AS orderNum FROM sys_menu 
2019-05-06 11:08:48,639 [DEBUG] [http-nio-8088-exec-19] com.hy.wf.admin.modules.sys.dao.SysMenuDao.selectList [BaseJdbcLogger.java : 159] ==> Parameters: 
2019-05-06 11:08:48,645 [DEBUG] [http-nio-8088-exec-19] com.hy.wf.admin.modules.sys.dao.SysMenuDao.selectList [BaseJdbcLogger.java : 159] <==      Total: 101
2019-05-06 11:08:48,647 [DEBUG] [http-nio-8088-exec-19] com.hy.wf.admin.modules.dao.FunctionDao.selectPage [BaseJdbcLogger.java : 159] ==>  Preparing: SELECT COUNT(1) FROM t_function 
2019-05-06 11:08:48,647 [DEBUG] [http-nio-8088-exec-19] com.hy.wf.admin.modules.dao.FunctionDao.selectPage [BaseJdbcLogger.java : 159] ==> Parameters: 
2019-05-06 11:08:48,653 [DEBUG] [http-nio-8088-exec-19] com.hy.wf.admin.modules.dao.FunctionDao.selectPage [BaseJdbcLogger.java : 159] ==>  Preparing: SELECT id,orders,title,`type`,`position`,url,price,meno,icon,`status`,app_type AS appType,`location`,target,create_date AS createDate,modify_date AS modifyDate,data_status AS dataStatus FROM t_function ORDER BY id DESC LIMIT 0,10 
2019-05-06 11:08:48,653 [DEBUG] [http-nio-8088-exec-19] com.hy.wf.admin.modules.dao.FunctionDao.selectPage [BaseJdbcLogger.java : 159] ==> Parameters: 
2019-05-06 11:08:48,660 [DEBUG] [http-nio-8088-exec-19] com.hy.wf.admin.modules.dao.FunctionDao.selectPage [BaseJdbcLogger.java : 159] <==      Total: 10
